You have the following GPUs: 2
Sourcing conda.sh
Activating conda environment
Tue Jun  9 10:07:03 2020       
+-----------------------------------------------------------------------------+
| NVIDIA-SMI 440.82       Driver Version: 440.82       CUDA Version: 10.2     |
|-------------------------------+----------------------+----------------------+
| GPU  Name        Persistence-M| Bus-Id        Disp.A | Volatile Uncorr. ECC |
| Fan  Temp  Perf  Pwr:Usage/Cap|         Memory-Usage | GPU-Util  Compute M. |
|===============================+======================+======================|
|   0  GeForce GTX 108...  Off  | 00000000:81:00.0 Off |                  N/A |
| 29%   26C    P8     8W / 250W |      0MiB / 11178MiB |      0%      Default |
+-------------------------------+----------------------+----------------------+
                                                                               
+-----------------------------------------------------------------------------+
| Processes:                                                       GPU Memory |
|  GPU       PID   Type   Process name                             Usage      |
|=============================================================================|
|  No running processes found                                                 |
+-----------------------------------------------------------------------------+
<KeysViewHDF5 ['images', 'indices', 'labels']>
Writing files
logistic 100
logistic 100
logistic 100
logistic 100
logistic 100
logistic 100
